{"context":"RoutesResolver","level":"info","message":"EquipeController {/api/equipe}:","timestamp":"2022-03-31T10:17:59.377Z"}
{"context":"RouterExplorer","level":"info","message":"Mapped {/api/equipe, POST} route","timestamp":"2022-03-31T10:17:59.386Z"}
{"context":"RouterExplorer","level":"info","message":"Mapped {/api/equipe, GET} route","timestamp":"2022-03-31T10:17:59.389Z"}
{"context":"RouterExplorer","level":"info","message":"Mapped {/api/equipe/:id, GET} route","timestamp":"2022-03-31T10:17:59.392Z"}
{"context":"RouterExplorer","level":"info","message":"Mapped {/api/equipe/:id, PATCH} route","timestamp":"2022-03-31T10:17:59.393Z"}
{"context":"RouterExplorer","level":"info","message":"Mapped {/api/equipe/:id, PUT} route","timestamp":"2022-03-31T10:17:59.395Z"}
{"context":"RouterExplorer","level":"info","message":"Mapped {/api/equipe/:id, DELETE} route","timestamp":"2022-03-31T10:17:59.396Z"}
{"context":"RoutesResolver","level":"info","message":"MatchController {/api/match}:","timestamp":"2022-03-31T10:17:59.397Z"}
{"context":"RouterExplorer","level":"info","message":"Mapped {/api/match, POST} route","timestamp":"2022-03-31T10:17:59.400Z"}
{"context":"RouterExplorer","level":"info","message":"Mapped {/api/match, GET} route","timestamp":"2022-03-31T10:17:59.402Z"}
{"context":"RouterExplorer","level":"info","message":"Mapped {/api/match/:id, GET} route","timestamp":"2022-03-31T10:17:59.405Z"}
{"context":"RouterExplorer","level":"info","message":"Mapped {/api/match/:id, PATCH} route","timestamp":"2022-03-31T10:17:59.407Z"}
{"context":"RouterExplorer","level":"info","message":"Mapped {/api/match/:id, PUT} route","timestamp":"2022-03-31T10:17:59.408Z"}
{"context":"RouterExplorer","level":"info","message":"Mapped {/api/match/:id, DELETE} route","timestamp":"2022-03-31T10:17:59.409Z"}
{"context":"NestApplication","level":"info","message":"Nest application successfully started","timestamp":"2022-03-31T10:17:59.413Z"}
{"level":"info","message":"🚀 Application is running on: http://localhost:3333/api","timestamp":"2022-03-31T10:17:59.422Z"}
{"context":"ExceptionHandler","level":"error","message":"app.use() requires a middleware function","stack":["TypeError: app.use() requires a middleware function\n    at Function.use (C:\\Users\\33641\\webservicetp1\\node_modules\\@nestjs\\platform-express\\node_modules\\express\\lib\\application.js:210:11)\n    at ExpressAdapter.use (C:\\Users\\33641\\webservicetp1\\node_modules\\@nestjs\\core\\adapters\\http-adapter.js:14:30)\n    at NestApplication.use (C:\\Users\\33641\\webservicetp1\\node_modules\\@nestjs\\core\\nest-application.js:144:26)\n    at C:\\Users\\33641\\webservicetp1\\node_modules\\@nestjs\\core\\nest-factory.js:133:40\n    at Function.run (C:\\Users\\33641\\webservicetp1\\node_modules\\@nestjs\\core\\errors\\exceptions-zone.js:10:13)\n    at Proxy.<anonymous> (C:\\Users\\33641\\webservicetp1\\node_modules\\@nestjs\\core\\nest-factory.js:132:46)\n    at Proxy.<anonymous> (C:\\Users\\33641\\webservicetp1\\node_modules\\@nestjs\\core\\nest-factory.js:181:54)\n    at C:\\Users\\33641\\webservicetp1\\dist\\apps\\api-match\\webpack:\\webservicetp1\\apps\\api-match\\src\\main.ts:24:7\n    at Generator.next (<anonymous>)\n    at fulfilled (C:\\Users\\33641\\webservicetp1\\node_modules\\tslib\\tslib.js:114:62)"],"timestamp":"2022-03-31T10:19:16.147Z"}
{"context":"RoutesResolver","level":"info","message":"EquipeController {/api/equipe}:","timestamp":"2022-03-31T10:24:05.779Z"}
{"context":"RouterExplorer","level":"info","message":"Mapped {/api/equipe, POST} route","timestamp":"2022-03-31T10:24:05.787Z"}
{"context":"RouterExplorer","level":"info","message":"Mapped {/api/equipe, GET} route","timestamp":"2022-03-31T10:24:05.789Z"}
{"context":"RouterExplorer","level":"info","message":"Mapped {/api/equipe/:id, GET} route","timestamp":"2022-03-31T10:24:05.791Z"}
{"context":"RouterExplorer","level":"info","message":"Mapped {/api/equipe/:id, PATCH} route","timestamp":"2022-03-31T10:24:05.792Z"}
{"context":"RouterExplorer","level":"info","message":"Mapped {/api/equipe/:id, PUT} route","timestamp":"2022-03-31T10:24:05.795Z"}
{"context":"RouterExplorer","level":"info","message":"Mapped {/api/equipe/:id, DELETE} route","timestamp":"2022-03-31T10:24:05.797Z"}
{"context":"RoutesResolver","level":"info","message":"MatchController {/api/match}:","timestamp":"2022-03-31T10:24:05.798Z"}
{"context":"RouterExplorer","level":"info","message":"Mapped {/api/match, POST} route","timestamp":"2022-03-31T10:24:05.800Z"}
{"context":"RouterExplorer","level":"info","message":"Mapped {/api/match, GET} route","timestamp":"2022-03-31T10:24:05.803Z"}
{"context":"RouterExplorer","level":"info","message":"Mapped {/api/match/:id, GET} route","timestamp":"2022-03-31T10:24:05.805Z"}
{"context":"RouterExplorer","level":"info","message":"Mapped {/api/match/:id, PATCH} route","timestamp":"2022-03-31T10:24:05.807Z"}
{"context":"RouterExplorer","level":"info","message":"Mapped {/api/match/:id, PUT} route","timestamp":"2022-03-31T10:24:05.808Z"}
{"context":"RouterExplorer","level":"info","message":"Mapped {/api/match/:id, DELETE} route","timestamp":"2022-03-31T10:24:05.810Z"}
{"context":"NestApplication","level":"info","message":"Nest application successfully started","timestamp":"2022-03-31T10:24:05.818Z"}
{"level":"info","message":"🚀 Application is running on: http://localhost:3333/api","timestamp":"2022-03-31T10:24:05.832Z"}
{"level":"info","message":"HTTP GET /api/swagger-ui-init.js 4ms","meta":{"req":{"headers":{"accept":"*/*","accept-encoding":"gzip, deflate, br","accept-language":"fr-FR,fr;q=0.9,en-US;q=0.8,en;q=0.7","connection":"keep-alive","host":"localhost:3333","if-none-match":"W/\"44a1-ejMV0o0dl16esnGvL7J0gvQm5tU\"","sec-ch-ua":"\" Not A;Brand\";v=\"99\", \"Chromium\";v=\"99\", \"Google Chrome\";v=\"99\"","sec-ch-ua-mobile":"?0","sec-ch-ua-platform":"\"Windows\"","sec-fetch-dest":"script","sec-fetch-mode":"no-cors","sec-fetch-site":"same-origin","user-agent":"Mozilla/5.0 (Windows NT 10.0; Win64; x64) AppleWebKit/537.36 (KHTML, like Gecko) Chrome/99.0.4844.84 Safari/537.36"},"httpVersion":"1.1","method":"GET","originalUrl":"/api/swagger-ui-init.js","query":{},"url":"/api/swagger-ui-init.js"},"res":{"statusCode":304},"responseTime":4},"timestamp":"2022-03-31T10:24:08.181Z"}
{"level":"info","message":"HTTP GET /api/swagger-ui.css 22ms","meta":{"req":{"headers":{"accept":"text/css,*/*;q=0.1","accept-encoding":"gzip, deflate, br","accept-language":"fr-FR,fr;q=0.9,en-US;q=0.8,en;q=0.7","connection":"keep-alive","host":"localhost:3333","if-modified-since":"Thu, 10 Mar 2022 14:49:38 GMT","if-none-match":"W/\"231f2-17f744e8946\"","sec-ch-ua":"\" Not A;Brand\";v=\"99\", \"Chromium\";v=\"99\", \"Google Chrome\";v=\"99\"","sec-ch-ua-mobile":"?0","sec-ch-ua-platform":"\"Windows\"","sec-fetch-dest":"style","sec-fetch-mode":"no-cors","sec-fetch-site":"same-origin","user-agent":"Mozilla/5.0 (Windows NT 10.0; Win64; x64) AppleWebKit/537.36 (KHTML, like Gecko) Chrome/99.0.4844.84 Safari/537.36"},"httpVersion":"1.1","method":"GET","originalUrl":"/api/swagger-ui.css","query":{},"url":"/api/swagger-ui.css"},"res":{"statusCode":304},"responseTime":22},"timestamp":"2022-03-31T10:24:08.187Z"}
{"level":"info","message":"HTTP GET /api/swagger-ui-standalone-preset.js 23ms","meta":{"req":{"headers":{"accept":"*/*","accept-encoding":"gzip, deflate, br","accept-language":"fr-FR,fr;q=0.9,en-US;q=0.8,en;q=0.7","connection":"keep-alive","host":"localhost:3333","if-modified-since":"Thu, 10 Mar 2022 14:49:38 GMT","if-none-match":"W/\"52e17-17f744e89e4\"","sec-ch-ua":"\" Not A;Brand\";v=\"99\", \"Chromium\";v=\"99\", \"Google Chrome\";v=\"99\"","sec-ch-ua-mobile":"?0","sec-ch-ua-platform":"\"Windows\"","sec-fetch-dest":"script","sec-fetch-mode":"no-cors","sec-fetch-site":"same-origin","user-agent":"Mozilla/5.0 (Windows NT 10.0; Win64; x64) AppleWebKit/537.36 (KHTML, like Gecko) Chrome/99.0.4844.84 Safari/537.36"},"httpVersion":"1.1","method":"GET","originalUrl":"/api/swagger-ui-standalone-preset.js","query":{},"url":"/api/swagger-ui-standalone-preset.js"},"res":{"statusCode":304},"responseTime":23},"timestamp":"2022-03-31T10:24:08.192Z"}
{"level":"info","message":"HTTP GET /api/swagger-ui-bundle.js 27ms","meta":{"req":{"headers":{"accept":"*/*","accept-encoding":"gzip, deflate, br","accept-language":"fr-FR,fr;q=0.9,en-US;q=0.8,en;q=0.7","connection":"keep-alive","host":"localhost:3333","if-modified-since":"Thu, 10 Mar 2022 14:49:38 GMT","if-none-match":"W/\"10b3ca-17f744e8989\"","sec-ch-ua":"\" Not A;Brand\";v=\"99\", \"Chromium\";v=\"99\", \"Google Chrome\";v=\"99\"","sec-ch-ua-mobile":"?0","sec-ch-ua-platform":"\"Windows\"","sec-fetch-dest":"script","sec-fetch-mode":"no-cors","sec-fetch-site":"same-origin","user-agent":"Mozilla/5.0 (Windows NT 10.0; Win64; x64) AppleWebKit/537.36 (KHTML, like Gecko) Chrome/99.0.4844.84 Safari/537.36"},"httpVersion":"1.1","method":"GET","originalUrl":"/api/swagger-ui-bundle.js","query":{},"url":"/api/swagger-ui-bundle.js"},"res":{"statusCode":304},"responseTime":27},"timestamp":"2022-03-31T10:24:08.196Z"}
{"level":"info","message":"HTTP GET /api/favicon-32x32.png 1ms","meta":{"req":{"headers":{"accept":"image/avif,image/webp,image/apng,image/svg+xml,image/*,*/*;q=0.8","accept-encoding":"gzip, deflate, br","accept-language":"fr-FR,fr;q=0.9,en-US;q=0.8,en;q=0.7","connection":"keep-alive","host":"localhost:3333","if-modified-since":"Thu, 10 Mar 2022 14:49:38 GMT","if-none-match":"W/\"274-17f744e8adf\"","sec-ch-ua":"\" Not A;Brand\";v=\"99\", \"Chromium\";v=\"99\", \"Google Chrome\";v=\"99\"","sec-ch-ua-mobile":"?0","sec-ch-ua-platform":"\"Windows\"","sec-fetch-dest":"image","sec-fetch-mode":"no-cors","sec-fetch-site":"same-origin","user-agent":"Mozilla/5.0 (Windows NT 10.0; Win64; x64) AppleWebKit/537.36 (KHTML, like Gecko) Chrome/99.0.4844.84 Safari/537.36"},"httpVersion":"1.1","method":"GET","originalUrl":"/api/favicon-32x32.png","query":{},"url":"/api/favicon-32x32.png"},"res":{"statusCode":304},"responseTime":1},"timestamp":"2022-03-31T10:24:08.569Z"}
{"level":"info","message":"HTTP GET /api/equipe?size=10&page=0 335ms","meta":{"req":{"headers":{"accept":"application/json","accept-encoding":"gzip, deflate, br","accept-language":"fr-FR,fr;q=0.9,en-US;q=0.8,en;q=0.7","connection":"keep-alive","host":"localhost:3333","sec-ch-ua":"\" Not A;Brand\";v=\"99\", \"Chromium\";v=\"99\", \"Google Chrome\";v=\"99\"","sec-ch-ua-mobile":"?0","sec-ch-ua-platform":"\"Windows\"","sec-fetch-dest":"empty","sec-fetch-mode":"cors","sec-fetch-site":"same-origin","user-agent":"Mozilla/5.0 (Windows NT 10.0; Win64; x64) AppleWebKit/537.36 (KHTML, like Gecko) Chrome/99.0.4844.84 Safari/537.36"},"httpVersion":"1.1","method":"GET","originalUrl":"/api/equipe?size=10&page=0","query":{"page":"0","size":"10"},"url":"/api/equipe?size=10&page=0"},"res":{"statusCode":200},"responseTime":335},"timestamp":"2022-03-31T10:24:30.873Z"}
{"level":"info","message":"HTTP GET /api/equipe?size=10&page=0 313ms","meta":{"req":{"headers":{"accept":"application/json","accept-encoding":"gzip, deflate, br","accept-language":"fr-FR,fr;q=0.9,en-US;q=0.8,en;q=0.7","connection":"keep-alive","host":"localhost:3333","if-none-match":"W/\"2-l9Fw4VUO7kr8CvBlt4zaMCqXZ0w\"","sec-ch-ua":"\" Not A;Brand\";v=\"99\", \"Chromium\";v=\"99\", \"Google Chrome\";v=\"99\"","sec-ch-ua-mobile":"?0","sec-ch-ua-platform":"\"Windows\"","sec-fetch-dest":"empty","sec-fetch-mode":"cors","sec-fetch-site":"same-origin","user-agent":"Mozilla/5.0 (Windows NT 10.0; Win64; x64) AppleWebKit/537.36 (KHTML, like Gecko) Chrome/99.0.4844.84 Safari/537.36"},"httpVersion":"1.1","method":"GET","originalUrl":"/api/equipe?size=10&page=0","query":{"page":"0","size":"10"},"url":"/api/equipe?size=10&page=0"},"res":{"statusCode":304},"responseTime":313},"timestamp":"2022-03-31T10:24:33.162Z"}
{"context":"RoutesResolver","level":"info","message":"EquipeController {/api/equipe}:","timestamp":"2022-03-31T10:25:57.067Z"}
{"context":"RouterExplorer","level":"info","message":"Mapped {/api/equipe, POST} route","timestamp":"2022-03-31T10:25:57.077Z"}
{"context":"RouterExplorer","level":"info","message":"Mapped {/api/equipe, GET} route","timestamp":"2022-03-31T10:25:57.080Z"}
{"context":"RouterExplorer","level":"info","message":"Mapped {/api/equipe/:id, GET} route","timestamp":"2022-03-31T10:25:57.082Z"}
{"context":"RouterExplorer","level":"info","message":"Mapped {/api/equipe/:id, PATCH} route","timestamp":"2022-03-31T10:25:57.084Z"}
{"context":"RouterExplorer","level":"info","message":"Mapped {/api/equipe/:id, PUT} route","timestamp":"2022-03-31T10:25:57.087Z"}
{"context":"RouterExplorer","level":"info","message":"Mapped {/api/equipe/:id, DELETE} route","timestamp":"2022-03-31T10:25:57.090Z"}
{"context":"RoutesResolver","level":"info","message":"MatchController {/api/match}:","timestamp":"2022-03-31T10:25:57.091Z"}
{"context":"RouterExplorer","level":"info","message":"Mapped {/api/match, POST} route","timestamp":"2022-03-31T10:25:57.093Z"}
{"context":"RouterExplorer","level":"info","message":"Mapped {/api/match, GET} route","timestamp":"2022-03-31T10:25:57.096Z"}
{"context":"RouterExplorer","level":"info","message":"Mapped {/api/match/:id, GET} route","timestamp":"2022-03-31T10:25:57.099Z"}
{"context":"RouterExplorer","level":"info","message":"Mapped {/api/match/:id, PATCH} route","timestamp":"2022-03-31T10:25:57.103Z"}
{"context":"RouterExplorer","level":"info","message":"Mapped {/api/match/:id, PUT} route","timestamp":"2022-03-31T10:25:57.104Z"}
{"context":"RouterExplorer","level":"info","message":"Mapped {/api/match/:id, DELETE} route","timestamp":"2022-03-31T10:25:57.106Z"}
{"context":"NestApplication","level":"info","message":"Nest application successfully started","timestamp":"2022-03-31T10:25:57.112Z"}
{"level":"info","message":"🚀 Application is running on: http://localhost:3333/api","timestamp":"2022-03-31T10:25:57.123Z"}
{"context":"RoutesResolver","level":"info","message":"EquipeController {/api/equipe}:","timestamp":"2022-03-31T10:27:52.977Z"}
{"context":"RouterExplorer","level":"info","message":"Mapped {/api/equipe, POST} route","timestamp":"2022-03-31T10:27:52.986Z"}
{"context":"RouterExplorer","level":"info","message":"Mapped {/api/equipe, GET} route","timestamp":"2022-03-31T10:27:52.988Z"}
{"context":"RouterExplorer","level":"info","message":"Mapped {/api/equipe/:id, GET} route","timestamp":"2022-03-31T10:27:52.992Z"}
{"context":"RouterExplorer","level":"info","message":"Mapped {/api/equipe/:id, PATCH} route","timestamp":"2022-03-31T10:27:52.994Z"}
{"context":"RouterExplorer","level":"info","message":"Mapped {/api/equipe/:id, PUT} route","timestamp":"2022-03-31T10:27:52.996Z"}
{"context":"RouterExplorer","level":"info","message":"Mapped {/api/equipe/:id, DELETE} route","timestamp":"2022-03-31T10:27:52.999Z"}
{"context":"RoutesResolver","level":"info","message":"MatchController {/api/match}:","timestamp":"2022-03-31T10:27:53.000Z"}
{"context":"RouterExplorer","level":"info","message":"Mapped {/api/match, POST} route","timestamp":"2022-03-31T10:27:53.003Z"}
{"context":"RouterExplorer","level":"info","message":"Mapped {/api/match, GET} route","timestamp":"2022-03-31T10:27:53.005Z"}
{"context":"RouterExplorer","level":"info","message":"Mapped {/api/match/:id, GET} route","timestamp":"2022-03-31T10:27:53.007Z"}
{"context":"RouterExplorer","level":"info","message":"Mapped {/api/match/:id, PATCH} route","timestamp":"2022-03-31T10:27:53.010Z"}
{"context":"RouterExplorer","level":"info","message":"Mapped {/api/match/:id, PUT} route","timestamp":"2022-03-31T10:27:53.012Z"}
{"context":"RouterExplorer","level":"info","message":"Mapped {/api/match/:id, DELETE} route","timestamp":"2022-03-31T10:27:53.017Z"}
{"context":"NestApplication","level":"info","message":"Nest application successfully started","timestamp":"2022-03-31T10:27:53.021Z"}
{"level":"info","message":"🚀 Application is running on: http://localhost:3333/api","timestamp":"2022-03-31T10:27:53.033Z"}
{"context":"RoutesResolver","level":"info","message":"EquipeController {/api/equipe}:","timestamp":"2022-03-31T10:36:24.184Z"}
{"context":"RouterExplorer","level":"info","message":"Mapped {/api/equipe, POST} route","timestamp":"2022-03-31T10:36:24.194Z"}
{"context":"RouterExplorer","level":"info","message":"Mapped {/api/equipe, GET} route","timestamp":"2022-03-31T10:36:24.196Z"}
{"context":"RouterExplorer","level":"info","message":"Mapped {/api/equipe/:id, GET} route","timestamp":"2022-03-31T10:36:24.198Z"}
{"context":"RouterExplorer","level":"info","message":"Mapped {/api/equipe/:id, PATCH} route","timestamp":"2022-03-31T10:36:24.199Z"}
{"context":"RouterExplorer","level":"info","message":"Mapped {/api/equipe/:id, PUT} route","timestamp":"2022-03-31T10:36:24.201Z"}
{"context":"RouterExplorer","level":"info","message":"Mapped {/api/equipe/:id, DELETE} route","timestamp":"2022-03-31T10:36:24.204Z"}
{"context":"RoutesResolver","level":"info","message":"MatchController {/api/match}:","timestamp":"2022-03-31T10:36:24.205Z"}
{"context":"RouterExplorer","level":"info","message":"Mapped {/api/match, POST} route","timestamp":"2022-03-31T10:36:24.207Z"}
{"context":"RouterExplorer","level":"info","message":"Mapped {/api/match, GET} route","timestamp":"2022-03-31T10:36:24.209Z"}
{"context":"RouterExplorer","level":"info","message":"Mapped {/api/match/:id, GET} route","timestamp":"2022-03-31T10:36:24.211Z"}
{"context":"RouterExplorer","level":"info","message":"Mapped {/api/match/:id, PATCH} route","timestamp":"2022-03-31T10:36:24.213Z"}
{"context":"RouterExplorer","level":"info","message":"Mapped {/api/match/:id, PUT} route","timestamp":"2022-03-31T10:36:24.214Z"}
{"context":"RouterExplorer","level":"info","message":"Mapped {/api/match/:id, DELETE} route","timestamp":"2022-03-31T10:36:24.214Z"}
{"context":"NestApplication","level":"info","message":"Nest application successfully started","timestamp":"2022-03-31T10:36:24.219Z"}
{"level":"info","message":"🚀 Application is running on: http://localhost:3333/api","timestamp":"2022-03-31T10:36:24.227Z"}
{"context":"RoutesResolver","level":"info","message":"EquipeController {/api/equipe}:","timestamp":"2022-03-31T10:36:54.188Z"}
{"context":"RouterExplorer","level":"info","message":"Mapped {/api/equipe, POST} route","timestamp":"2022-03-31T10:36:54.197Z"}
{"context":"RouterExplorer","level":"info","message":"Mapped {/api/equipe, GET} route","timestamp":"2022-03-31T10:36:54.199Z"}
{"context":"RouterExplorer","level":"info","message":"Mapped {/api/equipe/:id, GET} route","timestamp":"2022-03-31T10:36:54.201Z"}
{"context":"RouterExplorer","level":"info","message":"Mapped {/api/equipe/:id, PATCH} route","timestamp":"2022-03-31T10:36:54.202Z"}
{"context":"RouterExplorer","level":"info","message":"Mapped {/api/equipe/:id, PUT} route","timestamp":"2022-03-31T10:36:54.204Z"}
{"context":"RouterExplorer","level":"info","message":"Mapped {/api/equipe/:id, DELETE} route","timestamp":"2022-03-31T10:36:54.206Z"}
{"context":"RoutesResolver","level":"info","message":"MatchController {/api/match}:","timestamp":"2022-03-31T10:36:54.207Z"}
{"context":"RouterExplorer","level":"info","message":"Mapped {/api/match, POST} route","timestamp":"2022-03-31T10:36:54.208Z"}
{"context":"RouterExplorer","level":"info","message":"Mapped {/api/match, GET} route","timestamp":"2022-03-31T10:36:54.210Z"}
{"context":"RouterExplorer","level":"info","message":"Mapped {/api/match/:id, GET} route","timestamp":"2022-03-31T10:36:54.212Z"}
{"context":"RouterExplorer","level":"info","message":"Mapped {/api/match/:id, PATCH} route","timestamp":"2022-03-31T10:36:54.213Z"}
{"context":"RouterExplorer","level":"info","message":"Mapped {/api/match/:id, PUT} route","timestamp":"2022-03-31T10:36:54.215Z"}
{"context":"RouterExplorer","level":"info","message":"Mapped {/api/match/:id, DELETE} route","timestamp":"2022-03-31T10:36:54.216Z"}
{"context":"NestApplication","level":"info","message":"Nest application successfully started","timestamp":"2022-03-31T10:36:54.221Z"}
{"level":"info","message":"🚀 Application is running on: http://localhost:3333/api","timestamp":"2022-03-31T10:36:54.230Z"}
{"context":"RoutesResolver","level":"info","message":"EquipeController {/api/equipe}:","timestamp":"2022-03-31T10:39:07.631Z"}
{"context":"RouterExplorer","level":"info","message":"Mapped {/api/equipe, POST} route","timestamp":"2022-03-31T10:39:07.641Z"}
{"context":"RouterExplorer","level":"info","message":"Mapped {/api/equipe, GET} route","timestamp":"2022-03-31T10:39:07.643Z"}
{"context":"RouterExplorer","level":"info","message":"Mapped {/api/equipe/:id, GET} route","timestamp":"2022-03-31T10:39:07.646Z"}
{"context":"RouterExplorer","level":"info","message":"Mapped {/api/equipe/:id, PATCH} route","timestamp":"2022-03-31T10:39:07.649Z"}
{"context":"RouterExplorer","level":"info","message":"Mapped {/api/equipe/:id, PUT} route","timestamp":"2022-03-31T10:39:07.651Z"}
{"context":"RouterExplorer","level":"info","message":"Mapped {/api/equipe/:id, DELETE} route","timestamp":"2022-03-31T10:39:07.653Z"}
{"context":"RoutesResolver","level":"info","message":"MatchController {/api/match}:","timestamp":"2022-03-31T10:39:07.655Z"}
{"context":"RouterExplorer","level":"info","message":"Mapped {/api/match, POST} route","timestamp":"2022-03-31T10:39:07.657Z"}
{"context":"RouterExplorer","level":"info","message":"Mapped {/api/match, GET} route","timestamp":"2022-03-31T10:39:07.659Z"}
{"context":"RouterExplorer","level":"info","message":"Mapped {/api/match/:id, GET} route","timestamp":"2022-03-31T10:39:07.662Z"}
{"context":"RouterExplorer","level":"info","message":"Mapped {/api/match/:id, PATCH} route","timestamp":"2022-03-31T10:39:07.664Z"}
{"context":"RouterExplorer","level":"info","message":"Mapped {/api/match/:id, PUT} route","timestamp":"2022-03-31T10:39:07.666Z"}
{"context":"RouterExplorer","level":"info","message":"Mapped {/api/match/:id, DELETE} route","timestamp":"2022-03-31T10:39:07.668Z"}
{"context":"NestApplication","level":"info","message":"Nest application successfully started","timestamp":"2022-03-31T10:39:07.675Z"}
{"level":"info","message":"🚀 Application is running on: http://localhost:3333/api","timestamp":"2022-03-31T10:39:07.685Z"}
{"context":"RoutesResolver","level":"info","message":"EquipeController {/api/equipe}:","timestamp":"2022-03-31T10:41:17.695Z"}
{"context":"RouterExplorer","level":"info","message":"Mapped {/api/equipe, POST} route","timestamp":"2022-03-31T10:41:17.703Z"}
{"context":"RouterExplorer","level":"info","message":"Mapped {/api/equipe, GET} route","timestamp":"2022-03-31T10:41:17.705Z"}
{"context":"RouterExplorer","level":"info","message":"Mapped {/api/equipe/:id, GET} route","timestamp":"2022-03-31T10:41:17.708Z"}
{"context":"RouterExplorer","level":"info","message":"Mapped {/api/equipe/:id, PATCH} route","timestamp":"2022-03-31T10:41:17.709Z"}
{"context":"RouterExplorer","level":"info","message":"Mapped {/api/equipe/:id, PUT} route","timestamp":"2022-03-31T10:41:17.711Z"}
{"context":"RouterExplorer","level":"info","message":"Mapped {/api/equipe/:id, DELETE} route","timestamp":"2022-03-31T10:41:17.713Z"}
{"context":"RoutesResolver","level":"info","message":"MatchController {/api/match}:","timestamp":"2022-03-31T10:41:17.714Z"}
{"context":"RouterExplorer","level":"info","message":"Mapped {/api/match, POST} route","timestamp":"2022-03-31T10:41:17.715Z"}
{"context":"RouterExplorer","level":"info","message":"Mapped {/api/match, GET} route","timestamp":"2022-03-31T10:41:17.718Z"}
{"context":"RouterExplorer","level":"info","message":"Mapped {/api/match/:id, GET} route","timestamp":"2022-03-31T10:41:17.720Z"}
{"context":"RouterExplorer","level":"info","message":"Mapped {/api/match/:id, PATCH} route","timestamp":"2022-03-31T10:41:17.721Z"}
{"context":"RouterExplorer","level":"info","message":"Mapped {/api/match/:id, PUT} route","timestamp":"2022-03-31T10:41:17.723Z"}
{"context":"RouterExplorer","level":"info","message":"Mapped {/api/match/:id, DELETE} route","timestamp":"2022-03-31T10:41:17.724Z"}
{"context":"NestApplication","level":"info","message":"Nest application successfully started","timestamp":"2022-03-31T10:41:17.728Z"}
{"level":"info","message":"🚀 Application is running on: http://localhost:3333/api","timestamp":"2022-03-31T10:41:17.738Z"}
{"context":"RoutesResolver","level":"info","message":"EquipeController {/api/equipe}:","timestamp":"2022-03-31T10:41:58.742Z"}
{"context":"RouterExplorer","level":"info","message":"Mapped {/api/equipe, POST} route","timestamp":"2022-03-31T10:41:58.755Z"}
{"context":"RouterExplorer","level":"info","message":"Mapped {/api/equipe, GET} route","timestamp":"2022-03-31T10:41:58.760Z"}
{"context":"RouterExplorer","level":"info","message":"Mapped {/api/equipe/:id, GET} route","timestamp":"2022-03-31T10:41:58.762Z"}
{"context":"RouterExplorer","level":"info","message":"Mapped {/api/equipe/:id, PATCH} route","timestamp":"2022-03-31T10:41:58.763Z"}
{"context":"RouterExplorer","level":"info","message":"Mapped {/api/equipe/:id, PUT} route","timestamp":"2022-03-31T10:41:58.765Z"}
{"context":"RouterExplorer","level":"info","message":"Mapped {/api/equipe/:id, DELETE} route","timestamp":"2022-03-31T10:41:58.767Z"}
{"context":"RoutesResolver","level":"info","message":"MatchController {/api/match}:","timestamp":"2022-03-31T10:41:58.768Z"}
{"context":"RouterExplorer","level":"info","message":"Mapped {/api/match, POST} route","timestamp":"2022-03-31T10:41:58.770Z"}
{"context":"RouterExplorer","level":"info","message":"Mapped {/api/match, GET} route","timestamp":"2022-03-31T10:41:58.771Z"}
{"context":"RouterExplorer","level":"info","message":"Mapped {/api/match/:id, GET} route","timestamp":"2022-03-31T10:41:58.773Z"}
{"context":"RouterExplorer","level":"info","message":"Mapped {/api/match/:id, PATCH} route","timestamp":"2022-03-31T10:41:58.776Z"}
{"context":"RouterExplorer","level":"info","message":"Mapped {/api/match/:id, PUT} route","timestamp":"2022-03-31T10:41:58.778Z"}
{"context":"RouterExplorer","level":"info","message":"Mapped {/api/match/:id, DELETE} route","timestamp":"2022-03-31T10:41:58.779Z"}
{"context":"NestApplication","level":"info","message":"Nest application successfully started","timestamp":"2022-03-31T10:41:58.786Z"}
{"level":"info","message":"🚀 Application is running on: http://localhost:3333/api","timestamp":"2022-03-31T10:41:58.795Z"}
{"context":"RoutesResolver","level":"info","message":"EquipeController {/api/equipe}:","timestamp":"2022-03-31T10:46:15.076Z"}
{"context":"RoutesResolver","level":"info","message":"EquipeController {/api/equipe}:","timestamp":"2022-03-31T10:47:04.398Z"}
{"context":"RouterExplorer","level":"info","message":"Mapped {/api/equipe, POST} route","timestamp":"2022-03-31T10:47:04.406Z"}
{"context":"RouterExplorer","level":"info","message":"Mapped {/api/equipe, GET} route","timestamp":"2022-03-31T10:47:04.407Z"}
{"context":"RouterExplorer","level":"info","message":"Mapped {/api/equipe/:id, GET} route","timestamp":"2022-03-31T10:47:04.409Z"}
{"context":"RouterExplorer","level":"info","message":"Mapped {/api/equipe/:id, PATCH} route","timestamp":"2022-03-31T10:47:04.411Z"}
{"context":"RouterExplorer","level":"info","message":"Mapped {/api/equipe/:id, PUT} route","timestamp":"2022-03-31T10:47:04.413Z"}
{"context":"RouterExplorer","level":"info","message":"Mapped {/api/equipe/:id, DELETE} route","timestamp":"2022-03-31T10:47:04.414Z"}
{"context":"RoutesResolver","level":"info","message":"MatchController {/api/match}:","timestamp":"2022-03-31T10:47:04.418Z"}
{"context":"RouterExplorer","level":"info","message":"Mapped {/api/match, POST} route","timestamp":"2022-03-31T10:47:04.421Z"}
{"context":"RouterExplorer","level":"info","message":"Mapped {/api/match, GET} route","timestamp":"2022-03-31T10:47:04.424Z"}
{"context":"RouterExplorer","level":"info","message":"Mapped {/api/match/:id, GET} route","timestamp":"2022-03-31T10:47:04.426Z"}
{"context":"RouterExplorer","level":"info","message":"Mapped {/api/match/:id, PATCH} route","timestamp":"2022-03-31T10:47:04.428Z"}
{"context":"RouterExplorer","level":"info","message":"Mapped {/api/match/:id, PUT} route","timestamp":"2022-03-31T10:47:04.430Z"}
{"context":"RouterExplorer","level":"info","message":"Mapped {/api/match/:id, DELETE} route","timestamp":"2022-03-31T10:47:04.434Z"}
{"context":"NestApplication","level":"info","message":"Nest application successfully started","timestamp":"2022-03-31T10:47:04.440Z"}
{"level":"info","message":"🚀 Application is running on: http://localhost:3333/api","timestamp":"2022-03-31T10:47:04.456Z"}
{"level":"info","message":"HTTP GET /api/ 9ms","meta":{"req":{"headers":{"accept":"text/html,application/xhtml+xml,application/xml;q=0.9,image/avif,image/webp,image/apng,*/*;q=0.8,application/signed-exchange;v=b3;q=0.9","accept-encoding":"gzip, deflate, br","accept-language":"fr-FR,fr;q=0.9,en-US;q=0.8,en;q=0.7","connection":"keep-alive","host":"localhost:3333","if-none-match":"W/\"c1e-DIPJhvJVWYBJ25bYfVw0j7PM8bo\"","sec-ch-ua":"\" Not A;Brand\";v=\"99\", \"Chromium\";v=\"99\", \"Google Chrome\";v=\"99\"","sec-ch-ua-mobile":"?0","sec-ch-ua-platform":"\"Windows\"","sec-fetch-dest":"document","sec-fetch-mode":"navigate","sec-fetch-site":"none","sec-fetch-user":"?1","upgrade-insecure-requests":"1","user-agent":"Mozilla/5.0 (Windows NT 10.0; Win64; x64) AppleWebKit/537.36 (KHTML, like Gecko) Chrome/99.0.4844.84 Safari/537.36"},"httpVersion":"1.1","method":"GET","originalUrl":"/api/","query":{},"url":"/api/"},"res":{"statusCode":304},"responseTime":9},"timestamp":"2022-03-31T10:47:08.977Z"}
{"level":"info","message":"HTTP GET /api/swagger-ui.css 4ms","meta":{"req":{"headers":{"accept":"text/css,*/*;q=0.1","accept-encoding":"gzip, deflate, br","accept-language":"fr-FR,fr;q=0.9,en-US;q=0.8,en;q=0.7","connection":"keep-alive","host":"localhost:3333","if-modified-since":"Thu, 10 Mar 2022 14:49:38 GMT","if-none-match":"W/\"231f2-17f744e8946\"","sec-ch-ua":"\" Not A;Brand\";v=\"99\", \"Chromium\";v=\"99\", \"Google Chrome\";v=\"99\"","sec-ch-ua-mobile":"?0","sec-ch-ua-platform":"\"Windows\"","sec-fetch-dest":"style","sec-fetch-mode":"no-cors","sec-fetch-site":"same-origin","user-agent":"Mozilla/5.0 (Windows NT 10.0; Win64; x64) AppleWebKit/537.36 (KHTML, like Gecko) Chrome/99.0.4844.84 Safari/537.36"},"httpVersion":"1.1","method":"GET","originalUrl":"/api/swagger-ui.css","query":{},"url":"/api/swagger-ui.css"},"res":{"statusCode":304},"responseTime":4},"timestamp":"2022-03-31T10:47:09.088Z"}
{"level":"info","message":"HTTP GET /api/swagger-ui-bundle.js 2ms","meta":{"req":{"headers":{"accept":"*/*","accept-encoding":"gzip, deflate, br","accept-language":"fr-FR,fr;q=0.9,en-US;q=0.8,en;q=0.7","connection":"keep-alive","host":"localhost:3333","if-modified-since":"Thu, 10 Mar 2022 14:49:38 GMT","if-none-match":"W/\"10b3ca-17f744e8989\"","sec-ch-ua":"\" Not A;Brand\";v=\"99\", \"Chromium\";v=\"99\", \"Google Chrome\";v=\"99\"","sec-ch-ua-mobile":"?0","sec-ch-ua-platform":"\"Windows\"","sec-fetch-dest":"script","sec-fetch-mode":"no-cors","sec-fetch-site":"same-origin","user-agent":"Mozilla/5.0 (Windows NT 10.0; Win64; x64) AppleWebKit/537.36 (KHTML, like Gecko) Chrome/99.0.4844.84 Safari/537.36"},"httpVersion":"1.1","method":"GET","originalUrl":"/api/swagger-ui-bundle.js","query":{},"url":"/api/swagger-ui-bundle.js"},"res":{"statusCode":304},"responseTime":2},"timestamp":"2022-03-31T10:47:09.097Z"}
{"level":"info","message":"HTTP GET /api/swagger-ui-standalone-preset.js 5ms","meta":{"req":{"headers":{"accept":"*/*","accept-encoding":"gzip, deflate, br","accept-language":"fr-FR,fr;q=0.9,en-US;q=0.8,en;q=0.7","connection":"keep-alive","host":"localhost:3333","if-modified-since":"Thu, 10 Mar 2022 14:49:38 GMT","if-none-match":"W/\"52e17-17f744e89e4\"","sec-ch-ua":"\" Not A;Brand\";v=\"99\", \"Chromium\";v=\"99\", \"Google Chrome\";v=\"99\"","sec-ch-ua-mobile":"?0","sec-ch-ua-platform":"\"Windows\"","sec-fetch-dest":"script","sec-fetch-mode":"no-cors","sec-fetch-site":"same-origin","user-agent":"Mozilla/5.0 (Windows NT 10.0; Win64; x64) AppleWebKit/537.36 (KHTML, like Gecko) Chrome/99.0.4844.84 Safari/537.36"},"httpVersion":"1.1","method":"GET","originalUrl":"/api/swagger-ui-standalone-preset.js","query":{},"url":"/api/swagger-ui-standalone-preset.js"},"res":{"statusCode":304},"responseTime":5},"timestamp":"2022-03-31T10:47:09.102Z"}
{"level":"info","message":"HTTP GET /api/swagger-ui-init.js 1ms","meta":{"req":{"headers":{"accept":"*/*","accept-encoding":"gzip, deflate, br","accept-language":"fr-FR,fr;q=0.9,en-US;q=0.8,en;q=0.7","connection":"keep-alive","host":"localhost:3333","if-none-match":"W/\"44a1-ejMV0o0dl16esnGvL7J0gvQm5tU\"","sec-ch-ua":"\" Not A;Brand\";v=\"99\", \"Chromium\";v=\"99\", \"Google Chrome\";v=\"99\"","sec-ch-ua-mobile":"?0","sec-ch-ua-platform":"\"Windows\"","sec-fetch-dest":"script","sec-fetch-mode":"no-cors","sec-fetch-site":"same-origin","user-agent":"Mozilla/5.0 (Windows NT 10.0; Win64; x64) AppleWebKit/537.36 (KHTML, like Gecko) Chrome/99.0.4844.84 Safari/537.36"},"httpVersion":"1.1","method":"GET","originalUrl":"/api/swagger-ui-init.js","query":{},"url":"/api/swagger-ui-init.js"},"res":{"statusCode":304},"responseTime":1},"timestamp":"2022-03-31T10:47:09.108Z"}
{"level":"info","message":"HTTP GET /api/favicon-32x32.png 1ms","meta":{"req":{"headers":{"accept":"image/avif,image/webp,image/apng,image/svg+xml,image/*,*/*;q=0.8","accept-encoding":"gzip, deflate, br","accept-language":"fr-FR,fr;q=0.9,en-US;q=0.8,en;q=0.7","connection":"keep-alive","host":"localhost:3333","if-modified-since":"Thu, 10 Mar 2022 14:49:38 GMT","if-none-match":"W/\"274-17f744e8adf\"","sec-ch-ua":"\" Not A;Brand\";v=\"99\", \"Chromium\";v=\"99\", \"Google Chrome\";v=\"99\"","sec-ch-ua-mobile":"?0","sec-ch-ua-platform":"\"Windows\"","sec-fetch-dest":"image","sec-fetch-mode":"no-cors","sec-fetch-site":"same-origin","user-agent":"Mozilla/5.0 (Windows NT 10.0; Win64; x64) AppleWebKit/537.36 (KHTML, like Gecko) Chrome/99.0.4844.84 Safari/537.36"},"httpVersion":"1.1","method":"GET","originalUrl":"/api/favicon-32x32.png","query":{},"url":"/api/favicon-32x32.png"},"res":{"statusCode":304},"responseTime":1},"timestamp":"2022-03-31T10:47:09.529Z"}
{"level":"info","message":"HTTP GET /api/ 2ms","meta":{"req":{"headers":{"accept":"text/html,application/xhtml+xml,application/xml;q=0.9,image/avif,image/webp,image/apng,*/*;q=0.8,application/signed-exchange;v=b3;q=0.9","accept-encoding":"gzip, deflate, br","accept-language":"fr-FR,fr;q=0.9,en-US;q=0.8,en;q=0.7","cache-control":"max-age=0","connection":"keep-alive","host":"localhost:3333","if-none-match":"W/\"c1e-DIPJhvJVWYBJ25bYfVw0j7PM8bo\"","sec-ch-ua":"\" Not A;Brand\";v=\"99\", \"Chromium\";v=\"99\", \"Google Chrome\";v=\"99\"","sec-ch-ua-mobile":"?0","sec-ch-ua-platform":"\"Windows\"","sec-fetch-dest":"document","sec-fetch-mode":"navigate","sec-fetch-site":"none","sec-fetch-user":"?1","upgrade-insecure-requests":"1","user-agent":"Mozilla/5.0 (Windows NT 10.0; Win64; x64) AppleWebKit/537.36 (KHTML, like Gecko) Chrome/99.0.4844.84 Safari/537.36"},"httpVersion":"1.1","method":"GET","originalUrl":"/api/","query":{},"url":"/api/"},"res":{"statusCode":304},"responseTime":2},"timestamp":"2022-03-31T10:49:06.241Z"}
{"level":"info","message":"HTTP GET /api/swagger-ui.css 4ms","meta":{"req":{"headers":{"accept":"text/css,*/*;q=0.1","accept-encoding":"gzip, deflate, br","accept-language":"fr-FR,fr;q=0.9,en-US;q=0.8,en;q=0.7","connection":"keep-alive","host":"localhost:3333","if-modified-since":"Thu, 10 Mar 2022 14:49:38 GMT","if-none-match":"W/\"231f2-17f744e8946\"","sec-ch-ua":"\" Not A;Brand\";v=\"99\", \"Chromium\";v=\"99\", \"Google Chrome\";v=\"99\"","sec-ch-ua-mobile":"?0","sec-ch-ua-platform":"\"Windows\"","sec-fetch-dest":"style","sec-fetch-mode":"no-cors","sec-fetch-site":"same-origin","user-agent":"Mozilla/5.0 (Windows NT 10.0; Win64; x64) AppleWebKit/537.36 (KHTML, like Gecko) Chrome/99.0.4844.84 Safari/537.36"},"httpVersion":"1.1","method":"GET","originalUrl":"/api/swagger-ui.css","query":{},"url":"/api/swagger-ui.css"},"res":{"statusCode":304},"responseTime":4},"timestamp":"2022-03-31T10:49:06.266Z"}
{"level":"info","message":"HTTP GET /api/swagger-ui-bundle.js 4ms","meta":{"req":{"headers":{"accept":"*/*","accept-encoding":"gzip, deflate, br","accept-language":"fr-FR,fr;q=0.9,en-US;q=0.8,en;q=0.7","connection":"keep-alive","host":"localhost:3333","if-modified-since":"Thu, 10 Mar 2022 14:49:38 GMT","if-none-match":"W/\"10b3ca-17f744e8989\"","sec-ch-ua":"\" Not A;Brand\";v=\"99\", \"Chromium\";v=\"99\", \"Google Chrome\";v=\"99\"","sec-ch-ua-mobile":"?0","sec-ch-ua-platform":"\"Windows\"","sec-fetch-dest":"script","sec-fetch-mode":"no-cors","sec-fetch-site":"same-origin","user-agent":"Mozilla/5.0 (Windows NT 10.0; Win64; x64) AppleWebKit/537.36 (KHTML, like Gecko) Chrome/99.0.4844.84 Safari/537.36"},"httpVersion":"1.1","method":"GET","originalUrl":"/api/swagger-ui-bundle.js","query":{},"url":"/api/swagger-ui-bundle.js"},"res":{"statusCode":304},"responseTime":4},"timestamp":"2022-03-31T10:49:06.269Z"}
{"level":"info","message":"HTTP GET /api/swagger-ui-standalone-preset.js 1ms","meta":{"req":{"headers":{"accept":"*/*","accept-encoding":"gzip, deflate, br","accept-language":"fr-FR,fr;q=0.9,en-US;q=0.8,en;q=0.7","connection":"keep-alive","host":"localhost:3333","if-modified-since":"Thu, 10 Mar 2022 14:49:38 GMT","if-none-match":"W/\"52e17-17f744e89e4\"","sec-ch-ua":"\" Not A;Brand\";v=\"99\", \"Chromium\";v=\"99\", \"Google Chrome\";v=\"99\"","sec-ch-ua-mobile":"?0","sec-ch-ua-platform":"\"Windows\"","sec-fetch-dest":"script","sec-fetch-mode":"no-cors","sec-fetch-site":"same-origin","user-agent":"Mozilla/5.0 (Windows NT 10.0; Win64; x64) AppleWebKit/537.36 (KHTML, like Gecko) Chrome/99.0.4844.84 Safari/537.36"},"httpVersion":"1.1","method":"GET","originalUrl":"/api/swagger-ui-standalone-preset.js","query":{},"url":"/api/swagger-ui-standalone-preset.js"},"res":{"statusCode":304},"responseTime":1},"timestamp":"2022-03-31T10:49:06.275Z"}
{"level":"info","message":"HTTP GET /api/swagger-ui-init.js 0ms","meta":{"req":{"headers":{"accept":"*/*","accept-encoding":"gzip, deflate, br","accept-language":"fr-FR,fr;q=0.9,en-US;q=0.8,en;q=0.7","connection":"keep-alive","host":"localhost:3333","if-none-match":"W/\"44a1-ejMV0o0dl16esnGvL7J0gvQm5tU\"","sec-ch-ua":"\" Not A;Brand\";v=\"99\", \"Chromium\";v=\"99\", \"Google Chrome\";v=\"99\"","sec-ch-ua-mobile":"?0","sec-ch-ua-platform":"\"Windows\"","sec-fetch-dest":"script","sec-fetch-mode":"no-cors","sec-fetch-site":"same-origin","user-agent":"Mozilla/5.0 (Windows NT 10.0; Win64; x64) AppleWebKit/537.36 (KHTML, like Gecko) Chrome/99.0.4844.84 Safari/537.36"},"httpVersion":"1.1","method":"GET","originalUrl":"/api/swagger-ui-init.js","query":{},"url":"/api/swagger-ui-init.js"},"res":{"statusCode":304},"responseTime":0},"timestamp":"2022-03-31T10:49:06.281Z"}
{"level":"info","message":"HTTP GET /api/favicon-32x32.png 1ms","meta":{"req":{"headers":{"accept":"image/avif,image/webp,image/apng,image/svg+xml,image/*,*/*;q=0.8","accept-encoding":"gzip, deflate, br","accept-language":"fr-FR,fr;q=0.9,en-US;q=0.8,en;q=0.7","connection":"keep-alive","host":"localhost:3333","if-modified-since":"Thu, 10 Mar 2022 14:49:38 GMT","if-none-match":"W/\"274-17f744e8adf\"","sec-ch-ua":"\" Not A;Brand\";v=\"99\", \"Chromium\";v=\"99\", \"Google Chrome\";v=\"99\"","sec-ch-ua-mobile":"?0","sec-ch-ua-platform":"\"Windows\"","sec-fetch-dest":"image","sec-fetch-mode":"no-cors","sec-fetch-site":"same-origin","user-agent":"Mozilla/5.0 (Windows NT 10.0; Win64; x64) AppleWebKit/537.36 (KHTML, like Gecko) Chrome/99.0.4844.84 Safari/537.36"},"httpVersion":"1.1","method":"GET","originalUrl":"/api/favicon-32x32.png","query":{},"url":"/api/favicon-32x32.png"},"res":{"statusCode":304},"responseTime":1},"timestamp":"2022-03-31T10:49:06.535Z"}
{"level":"info","message":"HTTP GET /api/favicon-32x32.png 1ms","meta":{"req":{"headers":{"accept":"image/avif,image/webp,image/apng,image/svg+xml,image/*,*/*;q=0.8","accept-encoding":"gzip, deflate, br","accept-language":"fr-FR,fr;q=0.9,en-US;q=0.8,en;q=0.7","connection":"keep-alive","host":"localhost:3333","if-modified-since":"Thu, 10 Mar 2022 14:49:38 GMT","if-none-match":"W/\"274-17f744e8adf\"","sec-ch-ua":"\" Not A;Brand\";v=\"99\", \"Chromium\";v=\"99\", \"Google Chrome\";v=\"99\"","sec-ch-ua-mobile":"?0","sec-ch-ua-platform":"\"Windows\"","sec-fetch-dest":"image","sec-fetch-mode":"no-cors","sec-fetch-site":"same-origin","user-agent":"Mozilla/5.0 (Windows NT 10.0; Win64; x64) AppleWebKit/537.36 (KHTML, like Gecko) Chrome/99.0.4844.84 Safari/537.36"},"httpVersion":"1.1","method":"GET","originalUrl":"/api/favicon-32x32.png","query":{},"url":"/api/favicon-32x32.png"},"res":{"statusCode":304},"responseTime":1},"timestamp":"2022-03-31T10:49:06.730Z"}
{"context":"RoutesResolver","level":"info","message":"EquipeController {/api/equipe}:","timestamp":"2022-03-31T10:50:34.433Z"}
{"context":"RouterExplorer","level":"info","message":"Mapped {/api/equipe, POST} route","timestamp":"2022-03-31T10:50:34.445Z"}
{"context":"RouterExplorer","level":"info","message":"Mapped {/api/equipe, GET} route","timestamp":"2022-03-31T10:50:34.453Z"}
{"context":"RouterExplorer","level":"info","message":"Mapped {/api/equipe/:id, GET} route","timestamp":"2022-03-31T10:50:34.456Z"}
{"context":"RouterExplorer","level":"info","message":"Mapped {/api/equipe/:id, PATCH} route","timestamp":"2022-03-31T10:50:34.460Z"}
{"context":"RouterExplorer","level":"info","message":"Mapped {/api/equipe/:id, PUT} route","timestamp":"2022-03-31T10:50:34.463Z"}
{"context":"RouterExplorer","level":"info","message":"Mapped {/api/equipe/:id, DELETE} route","timestamp":"2022-03-31T10:50:34.464Z"}
{"context":"RoutesResolver","level":"info","message":"MatchController {/api/match}:","timestamp":"2022-03-31T10:50:34.465Z"}
{"context":"RouterExplorer","level":"info","message":"Mapped {/api/match, POST} route","timestamp":"2022-03-31T10:50:34.467Z"}
{"context":"RouterExplorer","level":"info","message":"Mapped {/api/match, GET} route","timestamp":"2022-03-31T10:50:34.469Z"}
{"context":"RouterExplorer","level":"info","message":"Mapped {/api/match/:id, GET} route","timestamp":"2022-03-31T10:50:34.472Z"}
{"context":"RouterExplorer","level":"info","message":"Mapped {/api/match/:id, PATCH} route","timestamp":"2022-03-31T10:50:34.474Z"}
{"context":"RouterExplorer","level":"info","message":"Mapped {/api/match/:id, PUT} route","timestamp":"2022-03-31T10:50:34.475Z"}
{"context":"RouterExplorer","level":"info","message":"Mapped {/api/match/:id, DELETE} route","timestamp":"2022-03-31T10:50:34.476Z"}
{"context":"NestApplication","level":"info","message":"Nest application successfully started","timestamp":"2022-03-31T10:50:34.481Z"}
{"level":"info","message":"🚀 Application is running on: http://localhost:3333/api","timestamp":"2022-03-31T10:50:34.492Z"}
{"level":"info","message":"HTTP GET /api/ 12ms","meta":{"req":{"headers":{"accept":"text/html,application/xhtml+xml,application/xml;q=0.9,image/avif,image/webp,image/apng,*/*;q=0.8,application/signed-exchange;v=b3;q=0.9","accept-encoding":"gzip, deflate, br","accept-language":"fr-FR,fr;q=0.9,en-US;q=0.8,en;q=0.7","cache-control":"max-age=0","connection":"keep-alive","host":"localhost:3333","if-none-match":"W/\"c1e-DIPJhvJVWYBJ25bYfVw0j7PM8bo\"","sec-ch-ua":"\" Not A;Brand\";v=\"99\", \"Chromium\";v=\"99\", \"Google Chrome\";v=\"99\"","sec-ch-ua-mobile":"?0","sec-ch-ua-platform":"\"Windows\"","sec-fetch-dest":"document","sec-fetch-mode":"navigate","sec-fetch-site":"none","sec-fetch-user":"?1","upgrade-insecure-requests":"1","user-agent":"Mozilla/5.0 (Windows NT 10.0; Win64; x64) AppleWebKit/537.36 (KHTML, like Gecko) Chrome/99.0.4844.84 Safari/537.36"},"httpVersion":"1.1","method":"GET","originalUrl":"/api/","query":{},"url":"/api/"},"res":{"statusCode":304},"responseTime":12},"timestamp":"2022-03-31T10:50:45.076Z"}
{"level":"info","message":"HTTP GET /api/swagger-ui.css 2ms","meta":{"req":{"headers":{"accept":"text/css,*/*;q=0.1","accept-encoding":"gzip, deflate, br","accept-language":"fr-FR,fr;q=0.9,en-US;q=0.8,en;q=0.7","connection":"keep-alive","host":"localhost:3333","if-modified-since":"Thu, 10 Mar 2022 14:49:38 GMT","if-none-match":"W/\"231f2-17f744e8946\"","sec-ch-ua":"\" Not A;Brand\";v=\"99\", \"Chromium\";v=\"99\", \"Google Chrome\";v=\"99\"","sec-ch-ua-mobile":"?0","sec-ch-ua-platform":"\"Windows\"","sec-fetch-dest":"style","sec-fetch-mode":"no-cors","sec-fetch-site":"same-origin","user-agent":"Mozilla/5.0 (Windows NT 10.0; Win64; x64) AppleWebKit/537.36 (KHTML, like Gecko) Chrome/99.0.4844.84 Safari/537.36"},"httpVersion":"1.1","method":"GET","originalUrl":"/api/swagger-ui.css","query":{},"url":"/api/swagger-ui.css"},"res":{"statusCode":304},"responseTime":2},"timestamp":"2022-03-31T10:50:45.219Z"}
{"level":"info","message":"HTTP GET /api/swagger-ui-bundle.js 1ms","meta":{"req":{"headers":{"accept":"*/*","accept-encoding":"gzip, deflate, br","accept-language":"fr-FR,fr;q=0.9,en-US;q=0.8,en;q=0.7","connection":"keep-alive","host":"localhost:3333","if-modified-since":"Thu, 10 Mar 2022 14:49:38 GMT","if-none-match":"W/\"10b3ca-17f744e8989\"","sec-ch-ua":"\" Not A;Brand\";v=\"99\", \"Chromium\";v=\"99\", \"Google Chrome\";v=\"99\"","sec-ch-ua-mobile":"?0","sec-ch-ua-platform":"\"Windows\"","sec-fetch-dest":"script","sec-fetch-mode":"no-cors","sec-fetch-site":"same-origin","user-agent":"Mozilla/5.0 (Windows NT 10.0; Win64; x64) AppleWebKit/537.36 (KHTML, like Gecko) Chrome/99.0.4844.84 Safari/537.36"},"httpVersion":"1.1","method":"GET","originalUrl":"/api/swagger-ui-bundle.js","query":{},"url":"/api/swagger-ui-bundle.js"},"res":{"statusCode":304},"responseTime":1},"timestamp":"2022-03-31T10:50:45.224Z"}
{"level":"info","message":"HTTP GET /api/swagger-ui-standalone-preset.js 1ms","meta":{"req":{"headers":{"accept":"*/*","accept-encoding":"gzip, deflate, br","accept-language":"fr-FR,fr;q=0.9,en-US;q=0.8,en;q=0.7","connection":"keep-alive","host":"localhost:3333","if-modified-since":"Thu, 10 Mar 2022 14:49:38 GMT","if-none-match":"W/\"52e17-17f744e89e4\"","sec-ch-ua":"\" Not A;Brand\";v=\"99\", \"Chromium\";v=\"99\", \"Google Chrome\";v=\"99\"","sec-ch-ua-mobile":"?0","sec-ch-ua-platform":"\"Windows\"","sec-fetch-dest":"script","sec-fetch-mode":"no-cors","sec-fetch-site":"same-origin","user-agent":"Mozilla/5.0 (Windows NT 10.0; Win64; x64) AppleWebKit/537.36 (KHTML, like Gecko) Chrome/99.0.4844.84 Safari/537.36"},"httpVersion":"1.1","method":"GET","originalUrl":"/api/swagger-ui-standalone-preset.js","query":{},"url":"/api/swagger-ui-standalone-preset.js"},"res":{"statusCode":304},"responseTime":1},"timestamp":"2022-03-31T10:50:45.229Z"}
{"level":"info","message":"HTTP GET /api/swagger-ui-init.js 0ms","meta":{"req":{"headers":{"accept":"*/*","accept-encoding":"gzip, deflate, br","accept-language":"fr-FR,fr;q=0.9,en-US;q=0.8,en;q=0.7","connection":"keep-alive","host":"localhost:3333","if-none-match":"W/\"44a1-ejMV0o0dl16esnGvL7J0gvQm5tU\"","sec-ch-ua":"\" Not A;Brand\";v=\"99\", \"Chromium\";v=\"99\", \"Google Chrome\";v=\"99\"","sec-ch-ua-mobile":"?0","sec-ch-ua-platform":"\"Windows\"","sec-fetch-dest":"script","sec-fetch-mode":"no-cors","sec-fetch-site":"same-origin","user-agent":"Mozilla/5.0 (Windows NT 10.0; Win64; x64) AppleWebKit/537.36 (KHTML, like Gecko) Chrome/99.0.4844.84 Safari/537.36"},"httpVersion":"1.1","method":"GET","originalUrl":"/api/swagger-ui-init.js","query":{},"url":"/api/swagger-ui-init.js"},"res":{"statusCode":200},"responseTime":0},"timestamp":"2022-03-31T10:50:45.328Z"}
{"level":"info","message":"HTTP GET /api/favicon-32x32.png 1ms","meta":{"req":{"headers":{"accept":"image/avif,image/webp,image/apng,image/svg+xml,image/*,*/*;q=0.8","accept-encoding":"gzip, deflate, br","accept-language":"fr-FR,fr;q=0.9,en-US;q=0.8,en;q=0.7","connection":"keep-alive","host":"localhost:3333","if-modified-since":"Thu, 10 Mar 2022 14:49:38 GMT","if-none-match":"W/\"274-17f744e8adf\"","sec-ch-ua":"\" Not A;Brand\";v=\"99\", \"Chromium\";v=\"99\", \"Google Chrome\";v=\"99\"","sec-ch-ua-mobile":"?0","sec-ch-ua-platform":"\"Windows\"","sec-fetch-dest":"image","sec-fetch-mode":"no-cors","sec-fetch-site":"same-origin","user-agent":"Mozilla/5.0 (Windows NT 10.0; Win64; x64) AppleWebKit/537.36 (KHTML, like Gecko) Chrome/99.0.4844.84 Safari/537.36"},"httpVersion":"1.1","method":"GET","originalUrl":"/api/favicon-32x32.png","query":{},"url":"/api/favicon-32x32.png"},"res":{"statusCode":304},"responseTime":1},"timestamp":"2022-03-31T10:50:45.548Z"}
{"level":"info","message":"HTTP GET /api/favicon-32x32.png 1ms","meta":{"req":{"headers":{"accept":"image/avif,image/webp,image/apng,image/svg+xml,image/*,*/*;q=0.8","accept-encoding":"gzip, deflate, br","accept-language":"fr-FR,fr;q=0.9,en-US;q=0.8,en;q=0.7","connection":"keep-alive","host":"localhost:3333","if-modified-since":"Thu, 10 Mar 2022 14:49:38 GMT","if-none-match":"W/\"274-17f744e8adf\"","sec-ch-ua":"\" Not A;Brand\";v=\"99\", \"Chromium\";v=\"99\", \"Google Chrome\";v=\"99\"","sec-ch-ua-mobile":"?0","sec-ch-ua-platform":"\"Windows\"","sec-fetch-dest":"image","sec-fetch-mode":"no-cors","sec-fetch-site":"same-origin","user-agent":"Mozilla/5.0 (Windows NT 10.0; Win64; x64) AppleWebKit/537.36 (KHTML, like Gecko) Chrome/99.0.4844.84 Safari/537.36"},"httpVersion":"1.1","method":"GET","originalUrl":"/api/favicon-32x32.png","query":{},"url":"/api/favicon-32x32.png"},"res":{"statusCode":304},"responseTime":1},"timestamp":"2022-03-31T10:50:45.705Z"}
{"level":"info","message":"HTTP GET /api/swagger-ui-init.js 1ms","meta":{"req":{"headers":{"accept":"*/*","accept-encoding":"gzip, deflate, br","accept-language":"fr-FR,fr;q=0.9,en-US;q=0.8,en;q=0.7","connection":"keep-alive","host":"localhost:3333","if-none-match":"W/\"44cd-rtK9m1vWw7Sp0PVc9P16aFOAOJU\"","sec-ch-ua":"\" Not A;Brand\";v=\"99\", \"Chromium\";v=\"99\", \"Google Chrome\";v=\"99\"","sec-ch-ua-mobile":"?0","sec-ch-ua-platform":"\"Windows\"","sec-fetch-dest":"script","sec-fetch-mode":"no-cors","sec-fetch-site":"same-origin","user-agent":"Mozilla/5.0 (Windows NT 10.0; Win64; x64) AppleWebKit/537.36 (KHTML, like Gecko) Chrome/99.0.4844.84 Safari/537.36"},"httpVersion":"1.1","method":"GET","originalUrl":"/api/swagger-ui-init.js","query":{},"url":"/api/swagger-ui-init.js"},"res":{"statusCode":304},"responseTime":1},"timestamp":"2022-03-31T10:54:23.876Z"}
{"level":"info","message":"HTTP GET /api/swagger-ui.css 12ms","meta":{"req":{"headers":{"accept":"text/css,*/*;q=0.1","accept-encoding":"gzip, deflate, br","accept-language":"fr-FR,fr;q=0.9,en-US;q=0.8,en;q=0.7","connection":"keep-alive","host":"localhost:3333","if-modified-since":"Thu, 10 Mar 2022 14:49:38 GMT","if-none-match":"W/\"231f2-17f744e8946\"","sec-ch-ua":"\" Not A;Brand\";v=\"99\", \"Chromium\";v=\"99\", \"Google Chrome\";v=\"99\"","sec-ch-ua-mobile":"?0","sec-ch-ua-platform":"\"Windows\"","sec-fetch-dest":"style","sec-fetch-mode":"no-cors","sec-fetch-site":"same-origin","user-agent":"Mozilla/5.0 (Windows NT 10.0; Win64; x64) AppleWebKit/537.36 (KHTML, like Gecko) Chrome/99.0.4844.84 Safari/537.36"},"httpVersion":"1.1","method":"GET","originalUrl":"/api/swagger-ui.css","query":{},"url":"/api/swagger-ui.css"},"res":{"statusCode":304},"responseTime":12},"timestamp":"2022-03-31T10:54:23.880Z"}
{"level":"info","message":"HTTP GET /api/swagger-ui-bundle.js 15ms","meta":{"req":{"headers":{"accept":"*/*","accept-encoding":"gzip, deflate, br","accept-language":"fr-FR,fr;q=0.9,en-US;q=0.8,en;q=0.7","connection":"keep-alive","host":"localhost:3333","if-modified-since":"Thu, 10 Mar 2022 14:49:38 GMT","if-none-match":"W/\"10b3ca-17f744e8989\"","sec-ch-ua":"\" Not A;Brand\";v=\"99\", \"Chromium\";v=\"99\", \"Google Chrome\";v=\"99\"","sec-ch-ua-mobile":"?0","sec-ch-ua-platform":"\"Windows\"","sec-fetch-dest":"script","sec-fetch-mode":"no-cors","sec-fetch-site":"same-origin","user-agent":"Mozilla/5.0 (Windows NT 10.0; Win64; x64) AppleWebKit/537.36 (KHTML, like Gecko) Chrome/99.0.4844.84 Safari/537.36"},"httpVersion":"1.1","method":"GET","originalUrl":"/api/swagger-ui-bundle.js","query":{},"url":"/api/swagger-ui-bundle.js"},"res":{"statusCode":304},"responseTime":15},"timestamp":"2022-03-31T10:54:23.885Z"}
{"level":"info","message":"HTTP GET /api/swagger-ui-standalone-preset.js 16ms","meta":{"req":{"headers":{"accept":"*/*","accept-encoding":"gzip, deflate, br","accept-language":"fr-FR,fr;q=0.9,en-US;q=0.8,en;q=0.7","connection":"keep-alive","host":"localhost:3333","if-modified-since":"Thu, 10 Mar 2022 14:49:38 GMT","if-none-match":"W/\"52e17-17f744e89e4\"","sec-ch-ua":"\" Not A;Brand\";v=\"99\", \"Chromium\";v=\"99\", \"Google Chrome\";v=\"99\"","sec-ch-ua-mobile":"?0","sec-ch-ua-platform":"\"Windows\"","sec-fetch-dest":"script","sec-fetch-mode":"no-cors","sec-fetch-site":"same-origin","user-agent":"Mozilla/5.0 (Windows NT 10.0; Win64; x64) AppleWebKit/537.36 (KHTML, like Gecko) Chrome/99.0.4844.84 Safari/537.36"},"httpVersion":"1.1","method":"GET","originalUrl":"/api/swagger-ui-standalone-preset.js","query":{},"url":"/api/swagger-ui-standalone-preset.js"},"res":{"statusCode":304},"responseTime":16},"timestamp":"2022-03-31T10:54:23.888Z"}
{"level":"info","message":"HTTP GET /api/favicon-32x32.png 1ms","meta":{"req":{"headers":{"accept":"image/avif,image/webp,image/apng,image/svg+xml,image/*,*/*;q=0.8","accept-encoding":"gzip, deflate, br","accept-language":"fr-FR,fr;q=0.9,en-US;q=0.8,en;q=0.7","connection":"keep-alive","host":"localhost:3333","if-modified-since":"Thu, 10 Mar 2022 14:49:38 GMT","if-none-match":"W/\"274-17f744e8adf\"","sec-ch-ua":"\" Not A;Brand\";v=\"99\", \"Chromium\";v=\"99\", \"Google Chrome\";v=\"99\"","sec-ch-ua-mobile":"?0","sec-ch-ua-platform":"\"Windows\"","sec-fetch-dest":"image","sec-fetch-mode":"no-cors","sec-fetch-site":"same-origin","user-agent":"Mozilla/5.0 (Windows NT 10.0; Win64; x64) AppleWebKit/537.36 (KHTML, like Gecko) Chrome/99.0.4844.84 Safari/537.36"},"httpVersion":"1.1","method":"GET","originalUrl":"/api/favicon-32x32.png","query":{},"url":"/api/favicon-32x32.png"},"res":{"statusCode":304},"responseTime":1},"timestamp":"2022-03-31T10:54:24.147Z"}
{"context":"RoutesResolver","level":"info","message":"EquipeController {/api/equipe}:","timestamp":"2022-04-14T06:42:55.550Z"}
{"context":"RouterExplorer","level":"info","message":"Mapped {/api/equipe, POST} route","timestamp":"2022-04-14T06:42:55.557Z"}
{"context":"RouterExplorer","level":"info","message":"Mapped {/api/equipe, GET} route","timestamp":"2022-04-14T06:42:55.559Z"}
{"context":"RouterExplorer","level":"info","message":"Mapped {/api/equipe/:id, GET} route","timestamp":"2022-04-14T06:42:55.561Z"}
{"context":"RouterExplorer","level":"info","message":"Mapped {/api/equipe/:id, PATCH} route","timestamp":"2022-04-14T06:42:55.563Z"}
{"context":"RouterExplorer","level":"info","message":"Mapped {/api/equipe/:id, PUT} route","timestamp":"2022-04-14T06:42:55.564Z"}
{"context":"RouterExplorer","level":"info","message":"Mapped {/api/equipe/:id, DELETE} route","timestamp":"2022-04-14T06:42:55.566Z"}
{"context":"RoutesResolver","level":"info","message":"MatchController {/api/match}:","timestamp":"2022-04-14T06:42:55.567Z"}
{"context":"RouterExplorer","level":"info","message":"Mapped {/api/match, POST} route","timestamp":"2022-04-14T06:42:55.568Z"}
{"context":"RouterExplorer","level":"info","message":"Mapped {/api/match, GET} route","timestamp":"2022-04-14T06:42:55.570Z"}
{"context":"RouterExplorer","level":"info","message":"Mapped {/api/match/:id, GET} route","timestamp":"2022-04-14T06:42:55.572Z"}
{"context":"RouterExplorer","level":"info","message":"Mapped {/api/match/:id, PATCH} route","timestamp":"2022-04-14T06:42:55.574Z"}
{"context":"RouterExplorer","level":"info","message":"Mapped {/api/match/:id, PUT} route","timestamp":"2022-04-14T06:42:55.575Z"}
{"context":"RouterExplorer","level":"info","message":"Mapped {/api/match/:id, DELETE} route","timestamp":"2022-04-14T06:42:55.577Z"}
{"context":"NestApplication","level":"info","message":"Nest application successfully started","timestamp":"2022-04-14T06:42:55.583Z"}
{"level":"info","message":"🚀 Application is running on: http://localhost:3333/api","timestamp":"2022-04-14T06:42:55.595Z"}
{"level":"info","message":"HTTP GET /api 9ms","meta":{"req":{"headers":{"accept":"text/html,application/xhtml+xml,application/xml;q=0.9,image/avif,image/webp,image/apng,*/*;q=0.8,application/signed-exchange;v=b3;q=0.9","accept-encoding":"gzip, deflate, br","accept-language":"fr-FR,fr;q=0.9,en-US;q=0.8,en;q=0.7","connection":"keep-alive","host":"localhost:3333","sec-ch-ua":"\" Not A;Brand\";v=\"99\", \"Chromium\";v=\"100\", \"Google Chrome\";v=\"100\"","sec-ch-ua-mobile":"?0","sec-ch-ua-platform":"\"Windows\"","sec-fetch-dest":"document","sec-fetch-mode":"navigate","sec-fetch-site":"none","sec-fetch-user":"?1","upgrade-insecure-requests":"1","user-agent":"Mozilla/5.0 (Windows NT 10.0; Win64; x64) AppleWebKit/537.36 (KHTML, like Gecko) Chrome/100.0.4896.75 Safari/537.36"},"httpVersion":"1.1","method":"GET","originalUrl":"/api","query":{},"url":"/api"},"res":{"statusCode":301},"responseTime":9},"timestamp":"2022-04-14T06:43:00.255Z"}
{"level":"info","message":"HTTP GET /api/ 6ms","meta":{"req":{"headers":{"accept":"text/html,application/xhtml+xml,application/xml;q=0.9,image/avif,image/webp,image/apng,*/*;q=0.8,application/signed-exchange;v=b3;q=0.9","accept-encoding":"gzip, deflate, br","accept-language":"fr-FR,fr;q=0.9,en-US;q=0.8,en;q=0.7","connection":"keep-alive","host":"localhost:3333","sec-ch-ua":"\" Not A;Brand\";v=\"99\", \"Chromium\";v=\"100\", \"Google Chrome\";v=\"100\"","sec-ch-ua-mobile":"?0","sec-ch-ua-platform":"\"Windows\"","sec-fetch-dest":"document","sec-fetch-mode":"navigate","sec-fetch-site":"none","sec-fetch-user":"?1","upgrade-insecure-requests":"1","user-agent":"Mozilla/5.0 (Windows NT 10.0; Win64; x64) AppleWebKit/537.36 (KHTML, like Gecko) Chrome/100.0.4896.75 Safari/537.36"},"httpVersion":"1.1","method":"GET","originalUrl":"/api/","query":{},"url":"/api/"},"res":{"statusCode":200},"responseTime":6},"timestamp":"2022-04-14T06:43:00.293Z"}
{"level":"info","message":"HTTP GET /api/swagger-ui.css 7ms","meta":{"req":{"headers":{"accept":"text/css,*/*;q=0.1","accept-encoding":"gzip, deflate, br","accept-language":"fr-FR,fr;q=0.9,en-US;q=0.8,en;q=0.7","connection":"keep-alive","host":"localhost:3333","if-modified-since":"Thu, 10 Mar 2022 14:49:38 GMT","if-none-match":"W/\"231f2-17f744e8946\"","sec-ch-ua":"\" Not A;Brand\";v=\"99\", \"Chromium\";v=\"100\", \"Google Chrome\";v=\"100\"","sec-ch-ua-mobile":"?0","sec-ch-ua-platform":"\"Windows\"","sec-fetch-dest":"style","sec-fetch-mode":"no-cors","sec-fetch-site":"same-origin","user-agent":"Mozilla/5.0 (Windows NT 10.0; Win64; x64) AppleWebKit/537.36 (KHTML, like Gecko) Chrome/100.0.4896.75 Safari/537.36"},"httpVersion":"1.1","method":"GET","originalUrl":"/api/swagger-ui.css","query":{},"url":"/api/swagger-ui.css"},"res":{"statusCode":304},"responseTime":7},"timestamp":"2022-04-14T06:43:00.414Z"}
{"level":"info","message":"HTTP GET /api/swagger-ui-bundle.js 7ms","meta":{"req":{"headers":{"accept":"*/*","accept-encoding":"gzip, deflate, br","accept-language":"fr-FR,fr;q=0.9,en-US;q=0.8,en;q=0.7","connection":"keep-alive","host":"localhost:3333","if-modified-since":"Thu, 10 Mar 2022 14:49:38 GMT","if-none-match":"W/\"10b3ca-17f744e8989\"","sec-ch-ua":"\" Not A;Brand\";v=\"99\", \"Chromium\";v=\"100\", \"Google Chrome\";v=\"100\"","sec-ch-ua-mobile":"?0","sec-ch-ua-platform":"\"Windows\"","sec-fetch-dest":"script","sec-fetch-mode":"no-cors","sec-fetch-site":"same-origin","user-agent":"Mozilla/5.0 (Windows NT 10.0; Win64; x64) AppleWebKit/537.36 (KHTML, like Gecko) Chrome/100.0.4896.75 Safari/537.36"},"httpVersion":"1.1","method":"GET","originalUrl":"/api/swagger-ui-bundle.js","query":{},"url":"/api/swagger-ui-bundle.js"},"res":{"statusCode":304},"responseTime":7},"timestamp":"2022-04-14T06:43:00.417Z"}
{"level":"info","message":"HTTP GET /api/swagger-ui-init.js 0ms","meta":{"req":{"headers":{"accept":"*/*","accept-encoding":"gzip, deflate, br","accept-language":"fr-FR,fr;q=0.9,en-US;q=0.8,en;q=0.7","connection":"keep-alive","host":"localhost:3333","if-none-match":"W/\"44cd-rtK9m1vWw7Sp0PVc9P16aFOAOJU\"","sec-ch-ua":"\" Not A;Brand\";v=\"99\", \"Chromium\";v=\"100\", \"Google Chrome\";v=\"100\"","sec-ch-ua-mobile":"?0","sec-ch-ua-platform":"\"Windows\"","sec-fetch-dest":"script","sec-fetch-mode":"no-cors","sec-fetch-site":"same-origin","user-agent":"Mozilla/5.0 (Windows NT 10.0; Win64; x64) AppleWebKit/537.36 (KHTML, like Gecko) Chrome/100.0.4896.75 Safari/537.36"},"httpVersion":"1.1","method":"GET","originalUrl":"/api/swagger-ui-init.js","query":{},"url":"/api/swagger-ui-init.js"},"res":{"statusCode":304},"responseTime":0},"timestamp":"2022-04-14T06:43:00.423Z"}
{"level":"info","message":"HTTP GET /api/swagger-ui-standalone-preset.js 6ms","meta":{"req":{"headers":{"accept":"*/*","accept-encoding":"gzip, deflate, br","accept-language":"fr-FR,fr;q=0.9,en-US;q=0.8,en;q=0.7","connection":"keep-alive","host":"localhost:3333","if-modified-since":"Thu, 10 Mar 2022 14:49:38 GMT","if-none-match":"W/\"52e17-17f744e89e4\"","sec-ch-ua":"\" Not A;Brand\";v=\"99\", \"Chromium\";v=\"100\", \"Google Chrome\";v=\"100\"","sec-ch-ua-mobile":"?0","sec-ch-ua-platform":"\"Windows\"","sec-fetch-dest":"script","sec-fetch-mode":"no-cors","sec-fetch-site":"same-origin","user-agent":"Mozilla/5.0 (Windows NT 10.0; Win64; x64) AppleWebKit/537.36 (KHTML, like Gecko) Chrome/100.0.4896.75 Safari/537.36"},"httpVersion":"1.1","method":"GET","originalUrl":"/api/swagger-ui-standalone-preset.js","query":{},"url":"/api/swagger-ui-standalone-preset.js"},"res":{"statusCode":304},"responseTime":6},"timestamp":"2022-04-14T06:43:00.428Z"}
{"level":"info","message":"HTTP GET /api/favicon-32x32.png 1ms","meta":{"req":{"headers":{"accept":"image/avif,image/webp,image/apng,image/svg+xml,image/*,*/*;q=0.8","accept-encoding":"gzip, deflate, br","accept-language":"fr-FR,fr;q=0.9,en-US;q=0.8,en;q=0.7","connection":"keep-alive","host":"localhost:3333","if-modified-since":"Thu, 10 Mar 2022 14:49:38 GMT","if-none-match":"W/\"274-17f744e8adf\"","sec-ch-ua":"\" Not A;Brand\";v=\"99\", \"Chromium\";v=\"100\", \"Google Chrome\";v=\"100\"","sec-ch-ua-mobile":"?0","sec-ch-ua-platform":"\"Windows\"","sec-fetch-dest":"image","sec-fetch-mode":"no-cors","sec-fetch-site":"same-origin","user-agent":"Mozilla/5.0 (Windows NT 10.0; Win64; x64) AppleWebKit/537.36 (KHTML, like Gecko) Chrome/100.0.4896.75 Safari/537.36"},"httpVersion":"1.1","method":"GET","originalUrl":"/api/favicon-32x32.png","query":{},"url":"/api/favicon-32x32.png"},"res":{"statusCode":304},"responseTime":1},"timestamp":"2022-04-14T06:43:00.871Z"}
{"level":"info","message":"HTTP GET /api/favicon-32x32.png 0ms","meta":{"req":{"headers":{"accept":"image/avif,image/webp,image/apng,image/svg+xml,image/*,*/*;q=0.8","accept-encoding":"gzip, deflate, br","accept-language":"fr-FR,fr;q=0.9,en-US;q=0.8,en;q=0.7","connection":"keep-alive","host":"localhost:3333","if-modified-since":"Thu, 10 Mar 2022 14:49:38 GMT","if-none-match":"W/\"274-17f744e8adf\"","sec-ch-ua":"\" Not A;Brand\";v=\"99\", \"Chromium\";v=\"100\", \"Google Chrome\";v=\"100\"","sec-ch-ua-mobile":"?0","sec-ch-ua-platform":"\"Windows\"","sec-fetch-dest":"image","sec-fetch-mode":"no-cors","sec-fetch-site":"same-origin","user-agent":"Mozilla/5.0 (Windows NT 10.0; Win64; x64) AppleWebKit/537.36 (KHTML, like Gecko) Chrome/100.0.4896.75 Safari/537.36"},"httpVersion":"1.1","method":"GET","originalUrl":"/api/favicon-32x32.png","query":{},"url":"/api/favicon-32x32.png"},"res":{"statusCode":304},"responseTime":0},"timestamp":"2022-04-14T06:43:01.110Z"}
{"context":"RoutesResolver","level":"info","message":"EquipeController {/api/equipe}:","timestamp":"2022-04-14T06:46:58.275Z"}
{"context":"RouterExplorer","level":"info","message":"Mapped {/api/equipe, POST} route","timestamp":"2022-04-14T06:46:58.282Z"}
{"context":"RouterExplorer","level":"info","message":"Mapped {/api/equipe, GET} route","timestamp":"2022-04-14T06:46:58.284Z"}
{"context":"RouterExplorer","level":"info","message":"Mapped {/api/equipe/:id, GET} route","timestamp":"2022-04-14T06:46:58.286Z"}
{"context":"RouterExplorer","level":"info","message":"Mapped {/api/equipe/:id, PATCH} route","timestamp":"2022-04-14T06:46:58.287Z"}
{"context":"RouterExplorer","level":"info","message":"Mapped {/api/equipe/:id, PUT} route","timestamp":"2022-04-14T06:46:58.288Z"}
{"context":"RouterExplorer","level":"info","message":"Mapped {/api/equipe/:id, DELETE} route","timestamp":"2022-04-14T06:46:58.289Z"}
{"context":"RoutesResolver","level":"info","message":"MatchController {/api/match}:","timestamp":"2022-04-14T06:46:58.290Z"}
{"context":"RouterExplorer","level":"info","message":"Mapped {/api/match, POST} route","timestamp":"2022-04-14T06:46:58.292Z"}
{"context":"RouterExplorer","level":"info","message":"Mapped {/api/match, GET} route","timestamp":"2022-04-14T06:46:58.294Z"}
{"context":"RouterExplorer","level":"info","message":"Mapped {/api/match/:id, GET} route","timestamp":"2022-04-14T06:46:58.296Z"}
{"context":"RouterExplorer","level":"info","message":"Mapped {/api/match/:id, PATCH} route","timestamp":"2022-04-14T06:46:58.298Z"}
{"context":"RouterExplorer","level":"info","message":"Mapped {/api/match/:id, PUT} route","timestamp":"2022-04-14T06:46:58.299Z"}
{"context":"RouterExplorer","level":"info","message":"Mapped {/api/match/:id, DELETE} route","timestamp":"2022-04-14T06:46:58.300Z"}
{"context":"NestApplication","level":"info","message":"Nest application successfully started","timestamp":"2022-04-14T06:46:58.310Z"}
{"level":"info","message":"🚀 Application is running on: http://localhost:3333/api","timestamp":"2022-04-14T06:46:58.325Z"}
{"context":"RoutesResolver","level":"info","message":"EquipeController {/api/equipe}:","timestamp":"2022-04-14T06:50:43.374Z"}
{"context":"RouterExplorer","level":"info","message":"Mapped {/api/equipe, POST} route","timestamp":"2022-04-14T06:50:43.383Z"}
{"context":"RouterExplorer","level":"info","message":"Mapped {/api/equipe, GET} route","timestamp":"2022-04-14T06:50:43.385Z"}
{"context":"RouterExplorer","level":"info","message":"Mapped {/api/equipe/:id, GET} route","timestamp":"2022-04-14T06:50:43.387Z"}
{"context":"RouterExplorer","level":"info","message":"Mapped {/api/equipe/:id, PATCH} route","timestamp":"2022-04-14T06:50:43.388Z"}
{"context":"RouterExplorer","level":"info","message":"Mapped {/api/equipe/:id, PUT} route","timestamp":"2022-04-14T06:50:43.390Z"}
{"context":"RouterExplorer","level":"info","message":"Mapped {/api/equipe/:id, DELETE} route","timestamp":"2022-04-14T06:50:43.391Z"}
{"context":"RoutesResolver","level":"info","message":"MatchController {/api/match}:","timestamp":"2022-04-14T06:50:43.392Z"}
{"context":"RouterExplorer","level":"info","message":"Mapped {/api/match, POST} route","timestamp":"2022-04-14T06:50:43.394Z"}
{"context":"RouterExplorer","level":"info","message":"Mapped {/api/match, GET} route","timestamp":"2022-04-14T06:50:43.396Z"}
{"context":"RouterExplorer","level":"info","message":"Mapped {/api/match/:id, GET} route","timestamp":"2022-04-14T06:50:43.398Z"}
{"context":"RouterExplorer","level":"info","message":"Mapped {/api/match/:id, PATCH} route","timestamp":"2022-04-14T06:50:43.399Z"}
{"context":"RouterExplorer","level":"info","message":"Mapped {/api/match/:id, PUT} route","timestamp":"2022-04-14T06:50:43.401Z"}
{"context":"RouterExplorer","level":"info","message":"Mapped {/api/match/:id, DELETE} route","timestamp":"2022-04-14T06:50:43.402Z"}
{"context":"NestApplication","level":"info","message":"Nest application successfully started","timestamp":"2022-04-14T06:50:43.405Z"}
{"level":"info","message":"🚀 Application is running on: http://localhost:3333/api","timestamp":"2022-04-14T06:50:43.414Z"}
{"context":"RoutesResolver","level":"info","message":"EquipeController {/api/equipe}:","timestamp":"2022-04-14T06:55:34.331Z"}
{"context":"RouterExplorer","level":"info","message":"Mapped {/api/equipe, POST} route","timestamp":"2022-04-14T06:55:34.348Z"}
{"context":"RouterExplorer","level":"info","message":"Mapped {/api/equipe, GET} route","timestamp":"2022-04-14T06:55:34.354Z"}
{"context":"RouterExplorer","level":"info","message":"Mapped {/api/equipe/:id, GET} route","timestamp":"2022-04-14T06:55:34.358Z"}
{"context":"RouterExplorer","level":"info","message":"Mapped {/api/equipe/:id, PATCH} route","timestamp":"2022-04-14T06:55:34.364Z"}
{"context":"RouterExplorer","level":"info","message":"Mapped {/api/equipe/:id, PUT} route","timestamp":"2022-04-14T06:55:34.366Z"}
{"context":"RouterExplorer","level":"info","message":"Mapped {/api/equipe/:id, DELETE} route","timestamp":"2022-04-14T06:55:34.368Z"}
{"context":"RoutesResolver","level":"info","message":"MatchController {/api/match}:","timestamp":"2022-04-14T06:55:34.370Z"}
{"context":"RouterExplorer","level":"info","message":"Mapped {/api/match, POST} route","timestamp":"2022-04-14T06:55:34.372Z"}
{"context":"RouterExplorer","level":"info","message":"Mapped {/api/match, GET} route","timestamp":"2022-04-14T06:55:34.379Z"}
{"context":"RouterExplorer","level":"info","message":"Mapped {/api/match/:id, GET} route","timestamp":"2022-04-14T06:55:34.386Z"}
{"context":"RouterExplorer","level":"info","message":"Mapped {/api/match/:id, PATCH} route","timestamp":"2022-04-14T06:55:34.388Z"}
{"context":"RouterExplorer","level":"info","message":"Mapped {/api/match/:id, PUT} route","timestamp":"2022-04-14T06:55:34.390Z"}
{"context":"RouterExplorer","level":"info","message":"Mapped {/api/match/:id, DELETE} route","timestamp":"2022-04-14T06:55:34.392Z"}
{"context":"NestApplication","level":"info","message":"Nest application successfully started","timestamp":"2022-04-14T06:55:34.404Z"}
{"level":"info","message":"🚀 Application is running on: http://localhost:3333/api","timestamp":"2022-04-14T06:55:34.422Z"}
